0 info it worked if it ends with ok
1 verbose cli [ '/usr/bin/node',
1 verbose cli   '/usr/bin/npm',
1 verbose cli   'install',
1 verbose cli   '--save-dev',
1 verbose cli   'chai',
1 verbose cli   'jscs',
1 verbose cli   'mocha',
1 verbose cli   'nodemon',
1 verbose cli   'rimraf',
1 verbose cli   'sinon',
1 verbose cli   'gulp' ]
2 info using npm@1.4.28
3 info using node@v0.10.37
4 verbose node symlink /usr/bin/node
5 verbose readDependencies using package.json deps
6 verbose cache add [ 'chai', null ]
7 verbose cache add name=undefined spec="chai" args=["chai",null]
8 verbose parsed url { protocol: null,
8 verbose parsed url   slashes: null,
8 verbose parsed url   auth: null,
8 verbose parsed url   host: null,
8 verbose parsed url   port: null,
8 verbose parsed url   hostname: null,
8 verbose parsed url   hash: null,
8 verbose parsed url   search: null,
8 verbose parsed url   query: null,
8 verbose parsed url   pathname: 'chai',
8 verbose parsed url   path: 'chai',
8 verbose parsed url   href: 'chai' }
9 verbose cache add [ 'jscs', null ]
10 verbose cache add name=undefined spec="jscs" args=["jscs",null]
11 verbose parsed url { protocol: null,
11 verbose parsed url   slashes: null,
11 verbose parsed url   auth: null,
11 verbose parsed url   host: null,
11 verbose parsed url   port: null,
11 verbose parsed url   hostname: null,
11 verbose parsed url   hash: null,
11 verbose parsed url   search: null,
11 verbose parsed url   query: null,
11 verbose parsed url   pathname: 'jscs',
11 verbose parsed url   path: 'jscs',
11 verbose parsed url   href: 'jscs' }
12 verbose cache add [ 'mocha', null ]
13 verbose cache add name=undefined spec="mocha" args=["mocha",null]
14 verbose parsed url { protocol: null,
14 verbose parsed url   slashes: null,
14 verbose parsed url   auth: null,
14 verbose parsed url   host: null,
14 verbose parsed url   port: null,
14 verbose parsed url   hostname: null,
14 verbose parsed url   hash: null,
14 verbose parsed url   search: null,
14 verbose parsed url   query: null,
14 verbose parsed url   pathname: 'mocha',
14 verbose parsed url   path: 'mocha',
14 verbose parsed url   href: 'mocha' }
15 verbose cache add [ 'nodemon', null ]
16 verbose cache add name=undefined spec="nodemon" args=["nodemon",null]
17 verbose parsed url { protocol: null,
17 verbose parsed url   slashes: null,
17 verbose parsed url   auth: null,
17 verbose parsed url   host: null,
17 verbose parsed url   port: null,
17 verbose parsed url   hostname: null,
17 verbose parsed url   hash: null,
17 verbose parsed url   search: null,
17 verbose parsed url   query: null,
17 verbose parsed url   pathname: 'nodemon',
17 verbose parsed url   path: 'nodemon',
17 verbose parsed url   href: 'nodemon' }
18 verbose cache add [ 'rimraf', null ]
19 verbose cache add name=undefined spec="rimraf" args=["rimraf",null]
20 verbose parsed url { protocol: null,
20 verbose parsed url   slashes: null,
20 verbose parsed url   auth: null,
20 verbose parsed url   host: null,
20 verbose parsed url   port: null,
20 verbose parsed url   hostname: null,
20 verbose parsed url   hash: null,
20 verbose parsed url   search: null,
20 verbose parsed url   query: null,
20 verbose parsed url   pathname: 'rimraf',
20 verbose parsed url   path: 'rimraf',
20 verbose parsed url   href: 'rimraf' }
21 verbose cache add [ 'sinon', null ]
22 verbose cache add name=undefined spec="sinon" args=["sinon",null]
23 verbose parsed url { protocol: null,
23 verbose parsed url   slashes: null,
23 verbose parsed url   auth: null,
23 verbose parsed url   host: null,
23 verbose parsed url   port: null,
23 verbose parsed url   hostname: null,
23 verbose parsed url   hash: null,
23 verbose parsed url   search: null,
23 verbose parsed url   query: null,
23 verbose parsed url   pathname: 'sinon',
23 verbose parsed url   path: 'sinon',
23 verbose parsed url   href: 'sinon' }
24 verbose cache add [ 'gulp', null ]
25 verbose cache add name=undefined spec="gulp" args=["gulp",null]
26 verbose parsed url { protocol: null,
26 verbose parsed url   slashes: null,
26 verbose parsed url   auth: null,
26 verbose parsed url   host: null,
26 verbose parsed url   port: null,
26 verbose parsed url   hostname: null,
26 verbose parsed url   hash: null,
26 verbose parsed url   search: null,
26 verbose parsed url   query: null,
26 verbose parsed url   pathname: 'gulp',
26 verbose parsed url   path: 'gulp',
26 verbose parsed url   href: 'gulp' }
27 silly lockFile 353fd541-chai chai
28 verbose lock chai /home/zmii/.npm/353fd541-chai.lock
29 silly lockFile 86ad1086-jscs jscs
30 verbose lock jscs /home/zmii/.npm/86ad1086-jscs.lock
31 silly lockFile a619da43-mocha mocha
32 verbose lock mocha /home/zmii/.npm/a619da43-mocha.lock
33 silly lockFile 1625b929-nodemon nodemon
34 verbose lock nodemon /home/zmii/.npm/1625b929-nodemon.lock
35 silly lockFile d02b921e-rimraf rimraf
36 verbose lock rimraf /home/zmii/.npm/d02b921e-rimraf.lock
37 silly lockFile 39abfeda-sinon sinon
38 verbose lock sinon /home/zmii/.npm/39abfeda-sinon.lock
39 silly lockFile 9750c68d-gulp gulp
40 verbose lock gulp /home/zmii/.npm/9750c68d-gulp.lock
41 silly lockFile 353fd541-chai chai
42 silly lockFile 353fd541-chai chai
43 silly lockFile 86ad1086-jscs jscs
44 silly lockFile 86ad1086-jscs jscs
45 silly lockFile a619da43-mocha mocha
46 silly lockFile a619da43-mocha mocha
47 silly lockFile 1625b929-nodemon nodemon
48 silly lockFile 1625b929-nodemon nodemon
49 verbose addNamed [ 'mocha', '' ]
50 verbose addNamed [ null, '*' ]
51 silly lockFile b9899f31-mocha mocha@
52 verbose lock mocha@ /home/zmii/.npm/b9899f31-mocha.lock
53 silly lockFile d02b921e-rimraf rimraf
54 silly lockFile d02b921e-rimraf rimraf
55 verbose addNamed [ 'chai', '' ]
56 verbose addNamed [ null, '*' ]
57 silly lockFile 583c5f63-chai chai@
58 verbose lock chai@ /home/zmii/.npm/583c5f63-chai.lock
59 verbose addNamed [ 'jscs', '' ]
60 verbose addNamed [ null, '*' ]
61 silly lockFile 591c9664-jscs jscs@
62 verbose lock jscs@ /home/zmii/.npm/591c9664-jscs.lock
63 verbose addNamed [ 'nodemon', '' ]
64 verbose addNamed [ null, '*' ]
65 silly lockFile 4f5e51c6-nodemon nodemon@
66 verbose lock nodemon@ /home/zmii/.npm/4f5e51c6-nodemon.lock
67 verbose addNamed [ 'rimraf', '' ]
68 verbose addNamed [ null, '*' ]
69 silly lockFile 30545280-rimraf rimraf@
70 verbose lock rimraf@ /home/zmii/.npm/30545280-rimraf.lock
71 silly lockFile 39abfeda-sinon sinon
72 silly lockFile 39abfeda-sinon sinon
73 silly addNameRange { name: 'mocha', range: '*', hasData: false }
74 silly lockFile 9750c68d-gulp gulp
75 silly lockFile 9750c68d-gulp gulp
76 verbose addNamed [ 'sinon', '' ]
77 verbose addNamed [ null, '*' ]
78 silly lockFile 3b285ea5-sinon sinon@
79 verbose lock sinon@ /home/zmii/.npm/3b285ea5-sinon.lock
80 verbose addNamed [ 'gulp', '' ]
81 verbose addNamed [ null, '*' ]
82 silly lockFile 72f4391e-gulp gulp@
83 verbose lock gulp@ /home/zmii/.npm/72f4391e-gulp.lock
84 silly addNameRange { name: 'chai', range: '*', hasData: false }
85 silly addNameRange { name: 'jscs', range: '*', hasData: false }
86 silly addNameRange { name: 'nodemon', range: '*', hasData: false }
87 silly addNameRange { name: 'rimraf', range: '*', hasData: false }
88 silly addNameRange { name: 'sinon', range: '*', hasData: false }
89 silly addNameRange { name: 'gulp', range: '*', hasData: false }
90 verbose request where is /mocha
91 verbose request registry https://registry.npmjs.org/
92 verbose request id 98fce950fffc2416
93 verbose url raw /mocha
94 verbose url resolving [ 'https://registry.npmjs.org/', './mocha' ]
95 verbose url resolved https://registry.npmjs.org/mocha
96 verbose request where is https://registry.npmjs.org/mocha
97 info trying registry request attempt 1 at 07:40:49
98 http GET https://registry.npmjs.org/mocha
99 verbose request where is /chai
100 verbose request registry https://registry.npmjs.org/
101 verbose url raw /chai
102 verbose url resolving [ 'https://registry.npmjs.org/', './chai' ]
103 verbose url resolved https://registry.npmjs.org/chai
104 verbose request where is https://registry.npmjs.org/chai
105 info trying registry request attempt 1 at 07:40:49
106 http GET https://registry.npmjs.org/chai
107 verbose request where is /jscs
108 verbose request registry https://registry.npmjs.org/
109 verbose url raw /jscs
110 verbose url resolving [ 'https://registry.npmjs.org/', './jscs' ]
111 verbose url resolved https://registry.npmjs.org/jscs
112 verbose request where is https://registry.npmjs.org/jscs
113 info trying registry request attempt 1 at 07:40:49
114 http GET https://registry.npmjs.org/jscs
115 verbose request where is /rimraf
116 verbose request registry https://registry.npmjs.org/
117 verbose url raw /rimraf
118 verbose url resolving [ 'https://registry.npmjs.org/', './rimraf' ]
119 verbose url resolved https://registry.npmjs.org/rimraf
120 verbose request where is https://registry.npmjs.org/rimraf
121 info trying registry request attempt 1 at 07:40:49
122 verbose etag "8TBZMSTO6MKWV26CBWA5N5MR6"
123 http GET https://registry.npmjs.org/rimraf
124 verbose request where is /sinon
125 verbose request registry https://registry.npmjs.org/
126 verbose url raw /sinon
127 verbose url resolving [ 'https://registry.npmjs.org/', './sinon' ]
128 verbose url resolved https://registry.npmjs.org/sinon
129 verbose request where is https://registry.npmjs.org/sinon
130 info trying registry request attempt 1 at 07:40:49
131 verbose etag "CUN5VFTSCG6QBQJ3MRTA2BMO0"
132 http GET https://registry.npmjs.org/sinon
133 verbose request where is /nodemon
134 verbose request registry https://registry.npmjs.org/
135 verbose url raw /nodemon
136 verbose url resolving [ 'https://registry.npmjs.org/', './nodemon' ]
137 verbose url resolved https://registry.npmjs.org/nodemon
138 verbose request where is https://registry.npmjs.org/nodemon
139 info trying registry request attempt 1 at 07:40:49
140 verbose etag "CDM85S8NNZEQ6BSIENGC7J2FC"
141 http GET https://registry.npmjs.org/nodemon
142 verbose request where is /gulp
143 verbose request registry https://registry.npmjs.org/
144 verbose url raw /gulp
145 verbose url resolving [ 'https://registry.npmjs.org/', './gulp' ]
146 verbose url resolved https://registry.npmjs.org/gulp
147 verbose request where is https://registry.npmjs.org/gulp
148 info trying registry request attempt 1 at 07:40:49
149 verbose etag "1OZKOJZ3IZ8ZJA4EDDVY49FGT"
150 http GET https://registry.npmjs.org/gulp
151 http 200 https://registry.npmjs.org/chai
152 silly registry.get cb [ 200,
152 silly registry.get   { server: 'CouchDB/1.5.0 (Erlang OTP/R16B03)',
152 silly registry.get     etag: '"82528WAL6996CZ75KAK07USWZ"',
152 silly registry.get     'content-type': 'application/json',
152 silly registry.get     'cache-control': 'max-age=300',
152 silly registry.get     'content-length': '84427',
152 silly registry.get     'accept-ranges': 'bytes',
152 silly registry.get     date: 'Sat, 23 Jan 2016 06:40:49 GMT',
152 silly registry.get     via: '1.1 varnish',
152 silly registry.get     age: '23',
152 silly registry.get     connection: 'keep-alive',
152 silly registry.get     'x-served-by': 'cache-fra1231-FRA',
152 silly registry.get     'x-cache': 'HIT',
152 silly registry.get     'x-cache-hits': '1',
152 silly registry.get     'x-timer': 'S1453531249.674258,VS0,VE0',
152 silly registry.get     vary: 'Accept' } ]
153 silly addNameRange number 2 { name: 'chai', range: '*', hasData: true }
154 silly addNameRange versions [ 'chai',
154 silly addNameRange   [ '0.0.1',
154 silly addNameRange     '0.0.2',
154 silly addNameRange     '0.1.0',
154 silly addNameRange     '0.1.1',
154 silly addNameRange     '0.1.2',
154 silly addNameRange     '0.1.3',
154 silly addNameRange     '0.1.4',
154 silly addNameRange     '0.1.5',
154 silly addNameRange     '0.1.6',
154 silly addNameRange     '0.1.7',
154 silly addNameRange     '0.2.0',
154 silly addNameRange     '0.2.1',
154 silly addNameRange     '0.2.2',
154 silly addNameRange     '0.2.3',
154 silly addNameRange     '0.2.4',
154 silly addNameRange     '0.3.0',
154 silly addNameRange     '0.3.1',
154 silly addNameRange     '0.3.2',
154 silly addNameRange     '0.3.3',
154 silly addNameRange     '0.3.4',
154 silly addNameRange     '0.4.0',
154 silly addNameRange     '0.4.1',
154 silly addNameRange     '0.4.2',
154 silly addNameRange     '0.5.0',
154 silly addNameRange     '0.5.1',
154 silly addNameRange     '0.5.2',
154 silly addNameRange     '0.5.3',
154 silly addNameRange     '1.0.0',
154 silly addNameRange     '1.0.1',
154 silly addNameRange     '1.0.2',
154 silly addNameRange     '1.0.3',
154 silly addNameRange     '1.0.4',
154 silly addNameRange     '1.1.0',
154 silly addNameRange     '1.1.1',
154 silly addNameRange     '1.2.0',
154 silly addNameRange     '1.3.0',
154 silly addNameRange     '1.4.0',
154 silly addNameRange     '1.4.1',
154 silly addNameRange     '1.4.2',
154 silly addNameRange     '1.5.0',
154 silly addNameRange     '1.6.0',
154 silly addNameRange     '1.6.1',
154 silly addNameRange     '1.7.0',
154 silly addNameRange     '1.7.1',
154 silly addNameRange     '1.7.2',
154 silly addNameRange     '1.8.0',
154 silly addNameRange     '1.8.1',
154 silly addNameRange     '1.9.0',
154 silly addNameRange     '1.9.1',
154 silly addNameRange     '1.9.2',
154 silly addNameRange     '1.10.0',
154 silly addNameRange     '2.0.0',
154 silly addNameRange     '2.1.0',
154 silly addNameRange     '2.1.1',
154 silly addNameRange     '2.1.2',
154 silly addNameRange     '2.2.0',
154 silly addNameRange     '2.3.0',
154 silly addNameRange     '3.0.0',
154 silly addNameRange     '3.1.0',
154 silly addNameRange     '3.2.0',
154 silly addNameRange     '3.3.0',
154 silly addNameRange     '3.4.0',
154 silly addNameRange     '3.4.1' ] ]
155 verbose addNamed [ 'chai', '3.4.1' ]
156 verbose addNamed [ '3.4.1', '3.4.1' ]
157 silly lockFile 2ea4649f-chai-3-4-1 chai@3.4.1
158 verbose lock chai@3.4.1 /home/zmii/.npm/2ea4649f-chai-3-4-1.lock
159 silly lockFile 10631e2e-ry-npmjs-org-chai-chai-3-4-1-tgz https://registry.npmjs.org/chai/-/chai-3.4.1.tgz
160 verbose lock https://registry.npmjs.org/chai/-/chai-3.4.1.tgz /home/zmii/.npm/10631e2e-ry-npmjs-org-chai-chai-3-4-1-tgz.lock
161 verbose addRemoteTarball [ 'https://registry.npmjs.org/chai/-/chai-3.4.1.tgz',
161 verbose addRemoteTarball   '330ae2f819124c26182036fa5e43a88ea4e1bd85' ]
162 info retry fetch attempt 1 at 07:40:49
163 verbose fetch to= /tmp/npm-3272-zai11umG/registry.npmjs.org/chai/-/chai-3.4.1.tgz
164 http GET https://registry.npmjs.org/chai/-/chai-3.4.1.tgz
165 http 200 https://registry.npmjs.org/rimraf
166 silly registry.get cb [ 200,
166 silly registry.get   { server: 'CouchDB/1.5.0 (Erlang OTP/R16B03)',
166 silly registry.get     etag: '"F3SO41X8O8KK4SCWT86OYXG1Y"',
166 silly registry.get     'content-type': 'application/json',
166 silly registry.get     'cache-control': 'max-age=300',
166 silly registry.get     'content-length': '50091',
166 silly registry.get     'accept-ranges': 'bytes',
166 silly registry.get     date: 'Sat, 23 Jan 2016 06:40:49 GMT',
166 silly registry.get     via: '1.1 varnish',
166 silly registry.get     age: '269',
166 silly registry.get     connection: 'keep-alive',
166 silly registry.get     'x-served-by': 'cache-fra1227-FRA',
166 silly registry.get     'x-cache': 'HIT',
166 silly registry.get     'x-cache-hits': '5',
166 silly registry.get     'x-timer': 'S1453531249.727013,VS0,VE0',
166 silly registry.get     vary: 'Accept' } ]
167 silly addNameRange number 2 { name: 'rimraf', range: '*', hasData: true }
168 silly addNameRange versions [ 'rimraf',
168 silly addNameRange   [ '1.0.0',
168 silly addNameRange     '1.0.1',
168 silly addNameRange     '1.0.2',
168 silly addNameRange     '1.0.4',
168 silly addNameRange     '1.0.5',
168 silly addNameRange     '1.0.6',
168 silly addNameRange     '1.0.7',
168 silly addNameRange     '1.0.8',
168 silly addNameRange     '1.0.9',
168 silly addNameRange     '2.0.0',
168 silly addNameRange     '2.0.1',
168 silly addNameRange     '2.0.2',
168 silly addNameRange     '2.0.3',
168 silly addNameRange     '2.1.0',
168 silly addNameRange     '2.1.1',
168 silly addNameRange     '2.1.2',
168 silly addNameRange     '2.1.3',
168 silly addNameRange     '2.1.4',
168 silly addNameRange     '2.2.0',
168 silly addNameRange     '2.2.1',
168 silly addNameRange     '2.2.2',
168 silly addNameRange     '2.2.3',
168 silly addNameRange     '2.2.4',
168 silly addNameRange     '2.2.5',
168 silly addNameRange     '2.2.6',
168 silly addNameRange     '2.2.8',
168 silly addNameRange     '2.3.0',
168 silly addNameRange     '2.3.1',
168 silly addNameRange     '2.3.2',
168 silly addNameRange     '2.3.3',
168 silly addNameRange     '2.3.4',
168 silly addNameRange     '2.4.0',
168 silly addNameRange     '2.4.1',
168 silly addNameRange     '2.4.2',
168 silly addNameRange     '2.4.3',
168 silly addNameRange     '2.4.4',
168 silly addNameRange     '2.4.5',
168 silly addNameRange     '2.5.0',
168 silly addNameRange     '2.5.1' ] ]
169 verbose addNamed [ 'rimraf', '2.5.1' ]
170 verbose addNamed [ '2.5.1', '2.5.1' ]
171 silly lockFile 23c12c59-rimraf-2-5-1 rimraf@2.5.1
172 verbose lock rimraf@2.5.1 /home/zmii/.npm/23c12c59-rimraf-2-5-1.lock
173 http 200 https://registry.npmjs.org/mocha
174 silly registry.get cb [ 200,
174 silly registry.get   { server: 'CouchDB/1.5.0 (Erlang OTP/R16B03)',
174 silly registry.get     etag: '"9RCPHI29AVVZFVSDPL3ZXMWDT"',
174 silly registry.get     'content-type': 'application/json',
174 silly registry.get     'cache-control': 'max-age=300',
174 silly registry.get     'content-length': '204580',
174 silly registry.get     'accept-ranges': 'bytes',
174 silly registry.get     date: 'Sat, 23 Jan 2016 06:40:49 GMT',
174 silly registry.get     via: '1.1 varnish',
174 silly registry.get     age: '154',
174 silly registry.get     connection: 'keep-alive',
174 silly registry.get     'x-served-by': 'cache-fra1233-FRA',
174 silly registry.get     'x-cache': 'HIT',
174 silly registry.get     'x-cache-hits': '2',
174 silly registry.get     'x-timer': 'S1453531249.680327,VS0,VE0',
174 silly registry.get     vary: 'Accept' } ]
175 silly addNameRange number 2 { name: 'mocha', range: '*', hasData: true }
176 silly addNameRange versions [ 'mocha',
176 silly addNameRange   [ '0.0.1-alpha1',
176 silly addNameRange     '0.0.1-alpha2',
176 silly addNameRange     '0.0.1-alpha3',
176 silly addNameRange     '0.0.1-alpha4',
176 silly addNameRange     '0.0.1-alpha5',
176 silly addNameRange     '0.0.1-alpha6',
176 silly addNameRange     '0.0.1',
176 silly addNameRange     '0.0.2',
176 silly addNameRange     '0.0.3',
176 silly addNameRange     '0.0.4',
176 silly addNameRange     '0.0.5',
176 silly addNameRange     '0.0.6',
176 silly addNameRange     '0.0.7',
176 silly addNameRange     '0.0.8',
176 silly addNameRange     '0.1.0',
176 silly addNameRange     '0.2.0',
176 silly addNameRange     '0.3.0',
176 silly addNameRange     '0.3.1',
176 silly addNameRange     '0.3.2',
176 silly addNameRange     '0.3.3',
176 silly addNameRange     '0.3.4',
176 silly addNameRange     '0.3.6',
176 silly addNameRange     '0.4.0',
176 silly addNameRange     '0.5.0',
176 silly addNameRange     '0.6.0',
176 silly addNameRange     '0.7.0',
176 silly addNameRange     '0.7.1',
176 silly addNameRange     '0.8.0',
176 silly addNameRange     '0.8.1',
176 silly addNameRange     '0.9.0',
176 silly addNameRange     '0.10.0',
176 silly addNameRange     '0.10.1',
176 silly addNameRange     '0.10.2',
176 silly addNameRange     '0.11.0',
176 silly addNameRange     '0.12.0',
176 silly addNameRange     '0.12.1',
176 silly addNameRange     '0.13.0',
176 silly addNameRange     '0.14.0',
176 silly addNameRange     '0.14.1',
176 silly addNameRange     '1.0.0',
176 silly addNameRange     '1.0.1',
176 silly addNameRange     '1.0.2',
176 silly addNameRange     '1.0.3',
176 silly addNameRange     '1.1.0',
176 silly addNameRange     '1.2.0',
176 silly addNameRange     '1.2.1',
176 silly addNameRange     '1.2.2',
176 silly addNameRange     '1.3.0',
176 silly addNameRange     '1.3.1',
176 silly addNameRange     '1.3.2',
176 silly addNameRange     '1.4.0',
176 silly addNameRange     '1.4.1',
176 silly addNameRange     '1.4.2',
176 silly addNameRange     '1.4.3',
176 silly addNameRange     '1.5.0',
176 silly addNameRange     '1.6.0',
176 silly addNameRange     '1.7.0',
176 silly addNameRange     '1.7.1',
176 silly addNameRange     '1.7.2',
176 silly addNameRange     '1.7.3',
176 silly addNameRange     '1.7.4',
176 silly addNameRange     '1.8.0',
176 silly addNameRange     '1.8.1',
176 silly addNameRange     '1.8.2',
176 silly addNameRange     '1.9.0',
176 silly addNameRange     '1.10.0',
176 silly addNameRange     '1.11.0',
176 silly addNameRange     '1.12.0',
176 silly addNameRange     '1.12.1',
176 silly addNameRange     '1.13.0',
176 silly addNameRange     '1.14.0',
176 silly addNameRange     '1.15.0',
176 silly addNameRange     '1.15.1',
176 silly addNameRange     '1.16.0',
176 silly addNameRange     '1.16.1',
176 silly addNameRange     '1.16.2',
176 silly addNameRange     '1.17.0',
176 silly addNameRange     '1.17.1',
176 silly addNameRange     '1.18.0',
176 silly addNameRange     '1.18.1',
176 silly addNameRange     '1.18.2',
176 silly addNameRange     '1.19.0',
176 silly addNameRange     '1.20.0',
176 silly addNameRange     '1.20.1',
176 silly addNameRange     '1.21.0',
176 silly addNameRange     '1.21.1',
176 silly addNameRange     '1.21.2',
176 silly addNameRange     '1.21.3',
176 silly addNameRange     '1.21.4',
176 silly addNameRange     '1.21.5',
176 silly addNameRange     '2.0.0',
176 silly addNameRange     '2.0.1',
176 silly addNameRange     '2.1.0',
176 silly addNameRange     '2.2.0',
176 silly addNameRange     '2.2.1',
176 silly addNameRange     '2.2.3',
176 silly addNameRange     '2.2.4',
176 silly addNameRange     '2.2.5',
176 silly addNameRange     '2.3.0',
176 silly addNameRange     '2.3.1',
176 silly addNameRange     '2.3.2',
176 silly addNameRange     '2.3.3',
176 silly addNameRange     '2.3.4' ] ]
177 verbose addNamed [ 'mocha', '2.3.4' ]
178 verbose addNamed [ '2.3.4', '2.3.4' ]
179 silly lockFile 2bb91c10-mocha-2-3-4 mocha@2.3.4
180 verbose lock mocha@2.3.4 /home/zmii/.npm/2bb91c10-mocha-2-3-4.lock
181 silly lockFile e2e2f989-pmjs-org-rimraf-rimraf-2-5-1-tgz https://registry.npmjs.org/rimraf/-/rimraf-2.5.1.tgz
182 verbose lock https://registry.npmjs.org/rimraf/-/rimraf-2.5.1.tgz /home/zmii/.npm/e2e2f989-pmjs-org-rimraf-rimraf-2-5-1-tgz.lock
183 silly lockFile c0a364a1--npmjs-org-mocha-mocha-2-3-4-tgz https://registry.npmjs.org/mocha/-/mocha-2.3.4.tgz
184 verbose lock https://registry.npmjs.org/mocha/-/mocha-2.3.4.tgz /home/zmii/.npm/c0a364a1--npmjs-org-mocha-mocha-2-3-4-tgz.lock
185 verbose addRemoteTarball [ 'https://registry.npmjs.org/rimraf/-/rimraf-2.5.1.tgz',
185 verbose addRemoteTarball   '52e1e946f3f9b9b0d5d8988ba3191aaf2a2dbd43' ]
186 info retry fetch attempt 1 at 07:40:49
187 verbose fetch to= /tmp/npm-3272-zai11umG/registry.npmjs.org/rimraf/-/rimraf-2.5.1.tgz
188 http GET https://registry.npmjs.org/rimraf/-/rimraf-2.5.1.tgz
189 verbose addRemoteTarball [ 'https://registry.npmjs.org/mocha/-/mocha-2.3.4.tgz',
189 verbose addRemoteTarball   '8629a6fb044f2d225aa4b81a2ae2d001699eb266' ]
190 info retry fetch attempt 1 at 07:40:49
191 verbose fetch to= /tmp/npm-3272-zai11umG/registry.npmjs.org/mocha/-/mocha-2.3.4.tgz
192 http GET https://registry.npmjs.org/mocha/-/mocha-2.3.4.tgz
193 http 200 https://registry.npmjs.org/jscs
194 silly registry.get cb [ 200,
194 silly registry.get   { server: 'CouchDB/1.5.0 (Erlang OTP/R16B03)',
194 silly registry.get     etag: '"3G3M9TY08HX6EZAS2T0EFHCO1"',
194 silly registry.get     'content-type': 'application/json',
194 silly registry.get     'cache-control': 'max-age=300',
194 silly registry.get     'content-length': '172816',
194 silly registry.get     'accept-ranges': 'bytes',
194 silly registry.get     date: 'Sat, 23 Jan 2016 06:40:49 GMT',
194 silly registry.get     via: '1.1 varnish',
194 silly registry.get     age: '266',
194 silly registry.get     connection: 'keep-alive',
194 silly registry.get     'x-served-by': 'cache-fra1222-FRA',
194 silly registry.get     'x-cache': 'HIT',
194 silly registry.get     'x-cache-hits': '1',
194 silly registry.get     'x-timer': 'S1453531249.688612,VS0,VE0',
194 silly registry.get     vary: 'Accept' } ]
195 silly addNameRange number 2 { name: 'jscs', range: '*', hasData: true }
196 silly addNameRange versions [ 'jscs',
196 silly addNameRange   [ '0.0.1',
196 silly addNameRange     '0.0.2',
196 silly addNameRange     '0.0.3',
196 silly addNameRange     '0.0.4',
196 silly addNameRange     '0.0.5',
196 silly addNameRange     '0.0.6',
196 silly addNameRange     '0.0.7',
196 silly addNameRange     '0.0.8',
196 silly addNameRange     '0.0.9',
196 silly addNameRange     '0.0.10',
196 silly addNameRange     '0.0.11',
196 silly addNameRange     '0.0.12',
196 silly addNameRange     '1.0.0',
196 silly addNameRange     '1.0.1',
196 silly addNameRange     '1.0.2',
196 silly addNameRange     '1.0.3',
196 silly addNameRange     '1.0.4',
196 silly addNameRange     '1.0.5',
196 silly addNameRange     '1.0.6',
196 silly addNameRange     '1.0.7',
196 silly addNameRange     '1.0.8',
196 silly addNameRange     '1.0.10',
196 silly addNameRange     '1.0.11',
196 silly addNameRange     '1.0.12',
196 silly addNameRange     '1.0.13',
196 silly addNameRange     '1.0.14',
196 silly addNameRange     '1.0.15',
196 silly addNameRange     '1.1.0',
196 silly addNameRange     '1.2.0',
196 silly addNameRange     '1.2.1',
196 silly addNameRange     '1.2.2',
196 silly addNameRange     '1.2.3',
196 silly addNameRange     '1.2.4',
196 silly addNameRange     '1.3.0',
196 silly addNameRange     '1.4.0',
196 silly addNameRange     '1.4.1',
196 silly addNameRange     '1.4.2',
196 silly addNameRange     '1.4.3',
196 silly addNameRange     '1.4.4',
196 silly addNameRange     '1.4.5',
196 silly addNameRange     '1.5.1',
196 silly addNameRange     '1.5.2',
196 silly addNameRange     '1.5.3',
196 silly addNameRange     '1.5.4',
196 silly addNameRange     '1.5.6',
196 silly addNameRange     '1.5.7',
196 silly addNameRange     '1.5.8',
196 silly addNameRange     '1.5.9',
196 silly addNameRange     '1.6.0',
196 silly addNameRange     '1.6.1',
196 silly addNameRange     '1.6.2',
196 silly addNameRange     '1.7.0',
196 silly addNameRange     '1.7.1',
196 silly addNameRange     '1.7.2',
196 silly addNameRange     '1.7.3',
196 silly addNameRange     '1.8.0',
196 silly addNameRange     '1.8.1',
196 silly addNameRange     '1.9.0',
196 silly addNameRange     '1.10.0',
196 silly addNameRange     '1.11.0',
196 silly addNameRange     '1.11.1',
196 silly addNameRange     '1.11.2',
196 silly addNameRange     '1.11.3',
196 silly addNameRange     '1.12.0',
196 silly addNameRange     '1.13.0',
196 silly addNameRange     '1.13.1',
196 silly addNameRange     '2.0.0',
196 silly addNameRange     '2.1.0',
196 silly addNameRange     '2.1.1',
196 silly addNameRange     '2.2.0',
196 silly addNameRange     '2.2.1',
196 silly addNameRange     '2.3.0',
196 silly addNameRange     '2.3.1',
196 silly addNameRange     '2.3.2',
196 silly addNameRange     '2.3.3',
196 silly addNameRange     '2.3.4',
196 silly addNameRange     '2.3.5',
196 silly addNameRange     '2.4.0',
196 silly addNameRange     '2.5.0',
196 silly addNameRange     '2.5.1',
196 silly addNameRange     '2.6.0',
196 silly addNameRange     '2.7.0',
196 silly addNameRange     '2.8.0' ] ]
197 verbose addNamed [ 'jscs', '2.8.0' ]
198 verbose addNamed [ '2.8.0', '2.8.0' ]
199 silly lockFile 693e3d84-jscs-2-8-0 jscs@2.8.0
200 verbose lock jscs@2.8.0 /home/zmii/.npm/693e3d84-jscs-2-8-0.lock
201 http 200 https://registry.npmjs.org/nodemon
202 silly registry.get cb [ 200,
202 silly registry.get   { server: 'CouchDB/1.5.0 (Erlang OTP/R16B03)',
202 silly registry.get     etag: '"GWTABIXGDU4U2OEZRVF82T3A"',
202 silly registry.get     'content-type': 'application/json',
202 silly registry.get     'cache-control': 'max-age=300',
202 silly registry.get     'content-length': '182038',
202 silly registry.get     'accept-ranges': 'bytes',
202 silly registry.get     date: 'Sat, 23 Jan 2016 06:40:49 GMT',
202 silly registry.get     via: '1.1 varnish',
202 silly registry.get     age: '43',
202 silly registry.get     connection: 'keep-alive',
202 silly registry.get     'x-served-by': 'cache-fra1231-FRA',
202 silly registry.get     'x-cache': 'HIT',
202 silly registry.get     'x-cache-hits': '1',
202 silly registry.get     'x-timer': 'S1453531249.824454,VS0,VE0',
202 silly registry.get     vary: 'Accept' } ]
203 silly lockFile b95c31c4-ry-npmjs-org-jscs-jscs-2-8-0-tgz https://registry.npmjs.org/jscs/-/jscs-2.8.0.tgz
204 verbose lock https://registry.npmjs.org/jscs/-/jscs-2.8.0.tgz /home/zmii/.npm/b95c31c4-ry-npmjs-org-jscs-jscs-2-8-0-tgz.lock
205 verbose addRemoteTarball [ 'https://registry.npmjs.org/jscs/-/jscs-2.8.0.tgz',
205 verbose addRemoteTarball   '96c3e65619901987d1fb791612e59d1d02d47c57' ]
206 info retry fetch attempt 1 at 07:40:50
207 verbose fetch to= /tmp/npm-3272-zai11umG/registry.npmjs.org/jscs/-/jscs-2.8.0.tgz
208 http GET https://registry.npmjs.org/jscs/-/jscs-2.8.0.tgz
209 silly addNameRange number 2 { name: 'nodemon', range: '*', hasData: true }
210 silly addNameRange versions [ 'nodemon',
210 silly addNameRange   [ '0.1.4',
210 silly addNameRange     '0.1.5',
210 silly addNameRange     '0.1.6',
210 silly addNameRange     '0.1.7',
210 silly addNameRange     '0.1.8',
210 silly addNameRange     '0.2.0',
210 silly addNameRange     '0.2.1',
210 silly addNameRange     '0.2.2',
210 silly addNameRange     '0.3.0',
210 silly addNameRange     '0.3.1',
210 silly addNameRange     '0.3.2',
210 silly addNameRange     '0.4.0',
210 silly addNameRange     '0.4.1',
210 silly addNameRange     '0.5.0',
210 silly addNameRange     '0.5.1',
210 silly addNameRange     '0.5.2',
210 silly addNameRange     '0.5.3',
210 silly addNameRange     '0.5.4',
210 silly addNameRange     '0.5.5',
210 silly addNameRange     '0.5.6',
210 silly addNameRange     '0.5.7',
210 silly addNameRange     '0.6.0',
210 silly addNameRange     '0.6.1',
210 silly addNameRange     '0.6.2',
210 silly addNameRange     '0.6.3',
210 silly addNameRange     '0.6.4',
210 silly addNameRange     '0.6.5',
210 silly addNameRange     '0.6.6',
210 silly addNameRange     '0.6.7',
210 silly addNameRange     '0.6.8',
210 silly addNameRange     '0.6.9',
210 silly addNameRange     '0.6.10',
210 silly addNameRange     '0.6.11',
210 silly addNameRange     '0.6.12',
210 silly addNameRange     '0.6.13',
210 silly addNameRange     '0.6.14',
210 silly addNameRange     '0.6.15',
210 silly addNameRange     '0.6.16',
210 silly addNameRange     '0.6.17',
210 silly addNameRange     '0.6.18',
210 silly addNameRange     '0.6.19',
210 silly addNameRange     '0.6.20',
210 silly addNameRange     '0.6.21',
210 silly addNameRange     '0.6.22',
210 silly addNameRange     '0.6.23',
210 silly addNameRange     '0.7.0',
210 silly addNameRange     '0.7.1',
210 silly addNameRange     '0.7.2',
210 silly addNameRange     '0.7.3',
210 silly addNameRange     '0.7.4',
210 silly addNameRange     '0.7.5',
210 silly addNameRange     '0.7.6',
210 silly addNameRange     '0.7.7',
210 silly addNameRange     '0.7.8',
210 silly addNameRange     '0.7.10',
210 silly addNameRange     '0.9.0',
210 silly addNameRange     '0.9.1',
210 silly addNameRange     '0.9.2',
210 silly addNameRange     '0.9.3',
210 silly addNameRange     '0.9.5',
210 silly addNameRange     '0.9.6',
210 silly addNameRange     '0.9.7',
210 silly addNameRange     '0.9.10',
210 silly addNameRange     '0.9.11',
210 silly addNameRange     '0.9.12',
210 silly addNameRange     '0.9.14',
210 silly addNameRange     '0.9.16',
210 silly addNameRange     '0.9.17',
210 silly addNameRange     '1.0.0',
210 silly addNameRange     '1.0.1',
210 silly addNameRange     '1.0.2',
210 silly addNameRange     '1.0.2-rc',
210 silly addNameRange     '0.6.10-a',
210 silly addNameRange     '1.0.2-rc3',
210 silly addNameRange     '1.0.2-rc4',
210 silly addNameRange     '1.0.3',
210 silly addNameRange     '1.0.4',
210 silly addNameRange     '1.0.5',
210 silly addNameRange     '1.0.6',
210 silly addNameRange     '1.0.7',
210 silly addNameRange     '1.0.8',
210 silly addNameRange     '1.0.9',
210 silly addNameRange     '1.0.10',
210 silly addNameRange     '1.0.11',
210 silly addNameRange     '1.0.12',
210 silly addNameRange     '1.0.13',
210 silly addNameRange     '1.0.14',
210 silly addNameRange     '1.0.15',
210 silly addNameRange     '1.0.16',
210 silly addNameRange     '1.0.17-rc1',
210 silly addNameRange     '1.0.17-rc2',
210 silly addNameRange     '1.0.17',
210 silly addNameRange     '1.0.18',
210 silly addNameRange     '1.0.19',
210 silly addNameRange     '1.0.20',
210 silly addNameRange     '1.1.0-alpha',
210 silly addNameRange     '1.1.0',
210 silly addNameRange     '1.1.1',
210 silly addNameRange     '1.2.0',
210 silly addNameRange     '1.2.1',
210 silly addNameRange     '1.3.0-0',
210 silly addNameRange     '1.3.0-1',
210 silly addNameRange     '1.3.0-2',
210 silly addNameRange     '1.3.0-3',
210 silly addNameRange     '1.3.0-4',
210 silly addNameRange     '1.3.0-5',
210 silly addNameRange     '1.3.0-6',
210 silly addNameRange     '1.3.0-7',
210 silly addNameRange     '1.3.0',
210 silly addNameRange     '1.3.1',
210 silly addNameRange     '1.3.2',
210 silly addNameRange     '1.3.3',
210 silly addNameRange     '1.3.5',
210 silly addNameRange     '1.3.6',
210 silly addNameRange     '1.3.7',
210 silly addNameRange     '1.3.8',
210 silly addNameRange     '1.4.0',
210 silly addNameRange     '1.4.1',
210 silly addNameRange     '1.5.0-alpha1',
210 silly addNameRange     '1.5.0-alpha2',
210 silly addNameRange     '1.5.0-alpha3',
210 silly addNameRange     '1.5.0-alpha4',
210 silly addNameRange     '1.4.2',
210 silly addNameRange     '1.5.0',
210 silly addNameRange     '1.5.1',
210 silly addNameRange     '1.6.0',
210 silly addNameRange     '1.6.1',
210 silly addNameRange     '1.7.0',
210 silly addNameRange     '1.7.1',
210 silly addNameRange     '1.7.2',
210 silly addNameRange     '1.7.3',
210 silly addNameRange     '1.8.0',
210 silly addNameRange     '1.8.1' ] ]
211 verbose addNamed [ 'nodemon', '1.8.1' ]
212 verbose addNamed [ '1.8.1', '1.8.1' ]
213 silly lockFile d418affa-nodemon-1-8-1 nodemon@1.8.1
214 verbose lock nodemon@1.8.1 /home/zmii/.npm/d418affa-nodemon-1-8-1.lock
215 silly lockFile 1ebeaa14-js-org-nodemon-nodemon-1-8-1-tgz https://registry.npmjs.org/nodemon/-/nodemon-1.8.1.tgz
216 verbose lock https://registry.npmjs.org/nodemon/-/nodemon-1.8.1.tgz /home/zmii/.npm/1ebeaa14-js-org-nodemon-nodemon-1-8-1-tgz.lock
217 verbose addRemoteTarball [ 'https://registry.npmjs.org/nodemon/-/nodemon-1.8.1.tgz',
217 verbose addRemoteTarball   '75cfd7ac167e938cdab7313c839bc45a1859bb32' ]
218 info retry fetch attempt 1 at 07:40:50
219 verbose fetch to= /tmp/npm-3272-zai11umG/registry.npmjs.org/nodemon/-/nodemon-1.8.1.tgz
220 http GET https://registry.npmjs.org/nodemon/-/nodemon-1.8.1.tgz
221 http 200 https://registry.npmjs.org/gulp
222 silly registry.get cb [ 200,
222 silly registry.get   { server: 'CouchDB/1.5.0 (Erlang OTP/R16B03)',
222 silly registry.get     etag: '"59H5529HNE0WTZQJXR2WVDCQA"',
222 silly registry.get     'content-type': 'application/json',
222 silly registry.get     'cache-control': 'max-age=300',
222 silly registry.get     'content-length': '109396',
222 silly registry.get     'accept-ranges': 'bytes',
222 silly registry.get     date: 'Sat, 23 Jan 2016 06:40:49 GMT',
222 silly registry.get     via: '1.1 varnish',
222 silly registry.get     age: '291',
222 silly registry.get     connection: 'keep-alive',
222 silly registry.get     'x-served-by': 'cache-fra1227-FRA',
222 silly registry.get     'x-cache': 'HIT',
222 silly registry.get     'x-cache-hits': '3',
222 silly registry.get     'x-timer': 'S1453531249.949467,VS0,VE0',
222 silly registry.get     vary: 'Accept' } ]
223 silly addNameRange number 2 { name: 'gulp', range: '*', hasData: true }
224 silly addNameRange versions [ 'gulp',
224 silly addNameRange   [ '0.0.1',
224 silly addNameRange     '0.0.2',
224 silly addNameRange     '0.0.3',
224 silly addNameRange     '0.0.4',
224 silly addNameRange     '0.0.5',
224 silly addNameRange     '0.0.7',
224 silly addNameRange     '0.0.8',
224 silly addNameRange     '0.0.9',
224 silly addNameRange     '0.1.0',
224 silly addNameRange     '0.2.0',
224 silly addNameRange     '1.0.0',
224 silly addNameRange     '1.1.0',
224 silly addNameRange     '1.2.0',
224 silly addNameRange     '1.2.1',
224 silly addNameRange     '2.0.0',
224 silly addNameRange     '2.0.1',
224 silly addNameRange     '2.1.0',
224 silly addNameRange     '2.2.0',
224 silly addNameRange     '2.3.0',
224 silly addNameRange     '2.4.0',
224 silly addNameRange     '2.4.1',
224 silly addNameRange     '2.6.0',
224 silly addNameRange     '2.6.1',
224 silly addNameRange     '2.7.0',
224 silly addNameRange     '3.0.0',
224 silly addNameRange     '3.1.1',
224 silly addNameRange     '3.1.2',
224 silly addNameRange     '3.1.3',
224 silly addNameRange     '3.1.4',
224 silly addNameRange     '3.2.0',
224 silly addNameRange     '3.2.1',
224 silly addNameRange     '3.2.2',
224 silly addNameRange     '3.2.3',
224 silly addNameRange     '3.2.4',
224 silly addNameRange     '3.2.5',
224 silly addNameRange     '3.3.0',
224 silly addNameRange     '3.3.1',
224 silly addNameRange     '3.3.2',
224 silly addNameRange     '3.3.4',
224 silly addNameRange     '3.4.0',
224 silly addNameRange     '3.5.0',
224 silly addNameRange     '3.5.1',
224 silly addNameRange     '3.5.2',
224 silly addNameRange     '3.5.5',
224 silly addNameRange     '3.5.6',
224 silly addNameRange     '3.6.0',
224 silly addNameRange     '3.6.1',
224 silly addNameRange     '3.6.2',
224 silly addNameRange     '3.7.0',
224 silly addNameRange     '3.8.0',
224 silly addNameRange     '3.8.1',
224 silly addNameRange     '3.8.2',
224 silly addNameRange     '3.8.3',
224 silly addNameRange     '3.8.4',
224 silly addNameRange     '3.8.5',
224 silly addNameRange     '3.8.6',
224 silly addNameRange     '3.8.7',
224 silly addNameRange     '3.8.8',
224 silly addNameRange     '3.8.9',
224 silly addNameRange     '3.8.10',
224 silly addNameRange     '3.8.11',
224 silly addNameRange     '3.9.0' ] ]
225 verbose addNamed [ 'gulp', '3.9.0' ]
226 verbose addNamed [ '3.9.0', '3.9.0' ]
227 silly lockFile c2697a61-gulp-3-9-0 gulp@3.9.0
228 verbose lock gulp@3.9.0 /home/zmii/.npm/c2697a61-gulp-3-9-0.lock
229 silly lockFile c2697a61-gulp-3-9-0 gulp@3.9.0
230 silly lockFile c2697a61-gulp-3-9-0 gulp@3.9.0
231 silly lockFile 72f4391e-gulp gulp@
232 silly lockFile 72f4391e-gulp gulp@
233 http 200 https://registry.npmjs.org/chai/-/chai-3.4.1.tgz
234 http 200 https://registry.npmjs.org/rimraf/-/rimraf-2.5.1.tgz
235 silly lockFile e2e2f989-pmjs-org-rimraf-rimraf-2-5-1-tgz https://registry.npmjs.org/rimraf/-/rimraf-2.5.1.tgz
236 silly lockFile e2e2f989-pmjs-org-rimraf-rimraf-2-5-1-tgz https://registry.npmjs.org/rimraf/-/rimraf-2.5.1.tgz
237 silly lockFile 23c12c59-rimraf-2-5-1 rimraf@2.5.1
238 silly lockFile 23c12c59-rimraf-2-5-1 rimraf@2.5.1
239 silly lockFile 30545280-rimraf rimraf@
240 silly lockFile 30545280-rimraf rimraf@
241 http 200 https://registry.npmjs.org/mocha/-/mocha-2.3.4.tgz
242 silly lockFile 10631e2e-ry-npmjs-org-chai-chai-3-4-1-tgz https://registry.npmjs.org/chai/-/chai-3.4.1.tgz
243 silly lockFile 10631e2e-ry-npmjs-org-chai-chai-3-4-1-tgz https://registry.npmjs.org/chai/-/chai-3.4.1.tgz
244 silly lockFile 2ea4649f-chai-3-4-1 chai@3.4.1
245 silly lockFile 2ea4649f-chai-3-4-1 chai@3.4.1
246 silly lockFile 583c5f63-chai chai@
247 silly lockFile 583c5f63-chai chai@
248 http 200 https://registry.npmjs.org/jscs/-/jscs-2.8.0.tgz
249 silly lockFile c0a364a1--npmjs-org-mocha-mocha-2-3-4-tgz https://registry.npmjs.org/mocha/-/mocha-2.3.4.tgz
250 silly lockFile c0a364a1--npmjs-org-mocha-mocha-2-3-4-tgz https://registry.npmjs.org/mocha/-/mocha-2.3.4.tgz
251 silly lockFile 2bb91c10-mocha-2-3-4 mocha@2.3.4
252 silly lockFile 2bb91c10-mocha-2-3-4 mocha@2.3.4
253 silly lockFile b9899f31-mocha mocha@
254 silly lockFile b9899f31-mocha mocha@
255 http 200 https://registry.npmjs.org/nodemon/-/nodemon-1.8.1.tgz
256 silly lockFile 1ebeaa14-js-org-nodemon-nodemon-1-8-1-tgz https://registry.npmjs.org/nodemon/-/nodemon-1.8.1.tgz
257 silly lockFile 1ebeaa14-js-org-nodemon-nodemon-1-8-1-tgz https://registry.npmjs.org/nodemon/-/nodemon-1.8.1.tgz
258 silly lockFile d418affa-nodemon-1-8-1 nodemon@1.8.1
259 silly lockFile d418affa-nodemon-1-8-1 nodemon@1.8.1
260 silly lockFile 4f5e51c6-nodemon nodemon@
261 silly lockFile 4f5e51c6-nodemon nodemon@
262 silly lockFile b95c31c4-ry-npmjs-org-jscs-jscs-2-8-0-tgz https://registry.npmjs.org/jscs/-/jscs-2.8.0.tgz
263 silly lockFile b95c31c4-ry-npmjs-org-jscs-jscs-2-8-0-tgz https://registry.npmjs.org/jscs/-/jscs-2.8.0.tgz
264 silly lockFile 693e3d84-jscs-2-8-0 jscs@2.8.0
265 silly lockFile 693e3d84-jscs-2-8-0 jscs@2.8.0
266 silly lockFile 591c9664-jscs jscs@
267 silly lockFile 591c9664-jscs jscs@
268 http 200 https://registry.npmjs.org/sinon
269 silly registry.get cb [ 200,
269 silly registry.get   { server: 'CouchDB/1.5.0 (Erlang OTP/R16B03)',
269 silly registry.get     etag: '"EKULFZO5L95IPGRDMBC0V5N71"',
269 silly registry.get     'content-type': 'application/json',
269 silly registry.get     'cache-control': 'max-age=300',
269 silly registry.get     'content-length': '159592',
269 silly registry.get     'accept-ranges': 'bytes',
269 silly registry.get     date: 'Sat, 23 Jan 2016 06:40:50 GMT',
269 silly registry.get     via: '1.1 varnish',
269 silly registry.get     age: '0',
269 silly registry.get     connection: 'keep-alive',
269 silly registry.get     'x-served-by': 'cache-fra1222-FRA',
269 silly registry.get     'x-cache': 'HIT',
269 silly registry.get     'x-cache-hits': '1',
269 silly registry.get     'x-timer': 'S1453531249.790980,VS0,VE738',
269 silly registry.get     vary: 'Accept' } ]
270 silly addNameRange number 2 { name: 'sinon', range: '*', hasData: true }
271 silly addNameRange versions [ 'sinon',
271 silly addNameRange   [ '0.6.2',
271 silly addNameRange     '0.6.3',
271 silly addNameRange     '1.0.0',
271 silly addNameRange     '1.0.1',
271 silly addNameRange     '1.0.2',
271 silly addNameRange     '1.1.0',
271 silly addNameRange     '1.1.1',
271 silly addNameRange     '1.2.0',
271 silly addNameRange     '1.3.0',
271 silly addNameRange     '1.3.1',
271 silly addNameRange     '1.3.2',
271 silly addNameRange     '1.3.3',
271 silly addNameRange     '1.3.4',
271 silly addNameRange     '1.4.0',
271 silly addNameRange     '1.4.1',
271 silly addNameRange     '1.4.2',
271 silly addNameRange     '1.5.0',
271 silly addNameRange     '1.5.2',
271 silly addNameRange     '1.6.0',
271 silly addNameRange     '1.7.0',
271 silly addNameRange     '1.7.1',
271 silly addNameRange     '1.7.2',
271 silly addNameRange     '1.7.3',
271 silly addNameRange     '1.8.1',
271 silly addNameRange     '1.8.2',
271 silly addNameRange     '1.9.0',
271 silly addNameRange     '1.9.1',
271 silly addNameRange     '1.10.0',
271 silly addNameRange     '1.10.1',
271 silly addNameRange     '1.10.2',
271 silly addNameRange     '1.10.3',
271 silly addNameRange     '1.11.0',
271 silly addNameRange     '1.11.1',
271 silly addNameRange     '1.12.0',
271 silly addNameRange     '1.12.1',
271 silly addNameRange     '1.12.2',
271 silly addNameRange     '1.13.0',
271 silly addNameRange     '1.14.0',
271 silly addNameRange     '1.14.1',
271 silly addNameRange     '1.15.0',
271 silly addNameRange     '1.15.1',
271 silly addNameRange     '1.15.2',
271 silly addNameRange     '1.15.3',
271 silly addNameRange     '1.15.4',
271 silly addNameRange     '1.16.0',
271 silly addNameRange     '1.16.1',
271 silly addNameRange     '1.17.0',
271 silly addNameRange     '1.17.1',
271 silly addNameRange     '1.17.2',
271 silly addNameRange     '2.0.0-pre' ] ]
272 verbose addNamed [ 'sinon', '1.17.2' ]
273 verbose addNamed [ '1.17.2', '1.17.2' ]
274 silly lockFile ddd657bc-sinon-1-17-2 sinon@1.17.2
275 verbose lock sinon@1.17.2 /home/zmii/.npm/ddd657bc-sinon-1-17-2.lock
276 silly lockFile 4d1637e2-npmjs-org-sinon-sinon-1-17-2-tgz https://registry.npmjs.org/sinon/-/sinon-1.17.2.tgz
277 verbose lock https://registry.npmjs.org/sinon/-/sinon-1.17.2.tgz /home/zmii/.npm/4d1637e2-npmjs-org-sinon-sinon-1-17-2-tgz.lock
278 verbose addRemoteTarball [ 'https://registry.npmjs.org/sinon/-/sinon-1.17.2.tgz',
278 verbose addRemoteTarball   'c1ea67b84a1e7b3350f6c4713efacef8e4ae8b71' ]
279 info retry fetch attempt 1 at 07:40:51
280 verbose fetch to= /tmp/npm-3272-zai11umG/registry.npmjs.org/sinon/-/sinon-1.17.2.tgz
281 http GET https://registry.npmjs.org/sinon/-/sinon-1.17.2.tgz
282 http 200 https://registry.npmjs.org/sinon/-/sinon-1.17.2.tgz
283 silly lockFile 4d1637e2-npmjs-org-sinon-sinon-1-17-2-tgz https://registry.npmjs.org/sinon/-/sinon-1.17.2.tgz
284 silly lockFile 4d1637e2-npmjs-org-sinon-sinon-1-17-2-tgz https://registry.npmjs.org/sinon/-/sinon-1.17.2.tgz
285 silly lockFile ddd657bc-sinon-1-17-2 sinon@1.17.2
286 silly lockFile ddd657bc-sinon-1-17-2 sinon@1.17.2
287 silly lockFile 3b285ea5-sinon sinon@
288 silly lockFile 3b285ea5-sinon sinon@
289 error Error: EACCES, mkdir '/home/zmii/.npm/sinon/1.17.2'
289 error  { [Error: EACCES, mkdir '/home/zmii/.npm/sinon/1.17.2']
289 error   errno: 3,
289 error   code: 'EACCES',
289 error   path: '/home/zmii/.npm/sinon/1.17.2',
289 error   parent: 'pact-parser' }
290 error Please try running this command again as root/Administrator.
291 error System Linux 3.13.0-35-generic
292 error command "/usr/bin/node" "/usr/bin/npm" "install" "--save-dev" "chai" "jscs" "mocha" "nodemon" "rimraf" "sinon" "gulp"
293 error cwd /home/zmii/train/pact-parser
294 error node -v v0.10.37
295 error npm -v 1.4.28
296 error path /home/zmii/.npm/sinon/1.17.2
297 error code EACCES
298 error errno 3
299 error stack Error: EACCES, mkdir '/home/zmii/.npm/sinon/1.17.2'
300 verbose exit [ 3, true ]
